INFO 2025-06-18 23:14:23,109 spoonacular_service Making request to Spoonacular: /recipes/complexSearch
INFO 2025-06-18 23:14:23,478 spoonacular_service Rate limiting: sleeping for 59.99 seconds
INFO 2025-06-18 23:15:23,470 spoonacular_service Making request to Spoonacular: /recipes/651994/information
INFO 2025-06-18 23:15:24,993 spoonacular_service Rate limiting: sleeping for 58.83 seconds
INFO 2025-06-18 23:16:23,832 spoonacular_service Making request to Spoonacular: /recipes/654571/information
INFO 2025-06-18 23:16:25,079 spoonacular_service Rate limiting: sleeping for 58.94 seconds
INFO 2025-06-18 23:17:24,021 spoonacular_service Making request to Spoonacular: /recipes/642583/information
INFO 2025-06-18 23:17:25,213 spoonacular_service Rate limiting: sleeping for 58.99 seconds
INFO 2025-06-18 23:18:24,202 spoonacular_service Making request to Spoonacular: /recipes/665553/information
INFO 2025-06-18 23:18:25,613 spoonacular_service Rate limiting: sleeping for 58.99 seconds
INFO 2025-06-18 23:19:24,604 spoonacular_service Making request to Spoonacular: /recipes/665767/information
INFO 2025-06-18 23:19:26,031 spoonacular_service Rate limiting: sleeping for 58.99 seconds
INFO 2025-06-18 23:20:25,023 spoonacular_service Making request to Spoonacular: /recipes/complexSearch
INFO 2025-06-18 23:20:25,583 spoonacular_service Rate limiting: sleeping for 59.99 seconds
INFO 2025-06-18 23:21:25,574 spoonacular_service Making request to Spoonacular: /recipes/715769/information
INFO 2025-06-18 23:21:26,821 spoonacular_service Rate limiting: sleeping for 58.99 seconds
INFO 2025-06-18 23:22:25,814 spoonacular_service Making request to Spoonacular: /recipes/659109/information
INFO 2025-06-18 23:22:27,035 spoonacular_service Rate limiting: sleeping for 58.98 seconds
INFO 2025-06-18 23:23:26,026 spoonacular_service Making request to Spoonacular: /recipes/648279/information
INFO 2025-06-18 23:23:27,385 spoonacular_service Rate limiting: sleeping for 58.98 seconds
INFO 2025-06-18 23:24:26,379 spoonacular_service Making request to Spoonacular: /recipes/1095745/information
INFO 2025-06-18 23:24:27,654 spoonacular_service Rate limiting: sleeping for 58.98 seconds
INFO 2025-06-18 23:25:26,633 spoonacular_service Making request to Spoonacular: /recipes/658753/information
INFO 2025-06-18 23:25:27,920 spoonacular_service Rate limiting: sleeping for 58.98 seconds
INFO 2025-06-18 23:26:26,911 spoonacular_service Making request to Spoonacular: /recipes/complexSearch
INFO 2025-06-18 23:26:27,372 spoonacular_service Rate limiting: sleeping for 59.99 seconds
INFO 2025-06-18 23:27:27,369 spoonacular_service Making request to Spoonacular: /recipes/640062/information
INFO 2025-06-18 23:27:28,758 spoonacular_service Rate limiting: sleeping for 58.98 seconds
INFO 2025-06-18 23:28:27,747 spoonacular_service Making request to Spoonacular: /recipes/715421/information
INFO 2025-06-18 23:28:28,960 spoonacular_service Rate limiting: sleeping for 58.98 seconds
INFO 2025-06-18 23:29:27,945 spoonacular_service Making request to Spoonacular: /recipes/715391/information
INFO 2025-06-18 23:29:29,172 spoonacular_service Rate limiting: sleeping for 58.98 seconds
INFO 2025-06-18 23:30:28,160 spoonacular_service Making request to Spoonacular: /recipes/982382/information
INFO 2025-06-18 23:30:29,374 spoonacular_service Rate limiting: sleeping for 58.98 seconds
INFO 2025-06-18 23:31:28,360 spoonacular_service Making request to Spoonacular: /recipes/637157/information
INFO 2025-06-18 23:31:29,722 spoonacular_service Rate limiting: sleeping for 58.98 seconds
INFO 2025-06-18 23:32:28,707 spoonacular_service Making request to Spoonacular: /recipes/complexSearch
INFO 2025-06-18 23:32:29,019 spoonacular_service Rate limiting: sleeping for 59.99 seconds
INFO 2025-06-18 23:33:29,011 spoonacular_service Making request to Spoonacular: /recipes/1132339/information
INFO 2025-06-18 23:33:30,239 spoonacular_service Rate limiting: sleeping for 58.98 seconds
INFO 2025-06-18 23:34:29,218 spoonacular_service Making request to Spoonacular: /recipes/1046982/information
INFO 2025-06-18 23:34:30,451 spoonacular_service Rate limiting: sleeping for 58.98 seconds
INFO 2025-06-18 23:35:29,439 spoonacular_service Making request to Spoonacular: /recipes/complexSearch
INFO 2025-06-18 23:35:29,669 spoonacular_service Rate limiting: sleeping for 60.00 seconds
INFO 2025-06-18 23:36:29,666 spoonacular_service Making request to Spoonacular: /recipes/716426/information
INFO 2025-06-18 23:36:30,979 spoonacular_service Rate limiting: sleeping for 58.98 seconds
INFO 2025-06-18 23:37:29,966 spoonacular_service Making request to Spoonacular: /food/ingredients/search
INFO 2025-06-18 23:37:30,187 spoonacular_service Rate limiting: sleeping for 60.00 seconds
INFO 2025-06-18 23:38:30,187 spoonacular_service Making request to Spoonacular: /food/ingredients/4542/information
INFO 2025-06-18 23:38:31,462 spoonacular_service Rate limiting: sleeping for 58.98 seconds
INFO 2025-06-18 23:39:30,446 spoonacular_service Making request to Spoonacular: /food/ingredients/5075/information
INFO 2025-06-18 23:39:31,646 spoonacular_service Rate limiting: sleeping for 58.98 seconds
INFO 2025-06-18 23:40:30,634 spoonacular_service Making request to Spoonacular: /food/ingredients/6080/information
INFO 2025-06-18 23:40:31,919 spoonacular_service Rate limiting: sleeping for 58.98 seconds
INFO 2025-06-18 23:41:30,905 spoonacular_service Making request to Spoonacular: /food/ingredients/5335/information
INFO 2025-06-18 23:41:32,485 spoonacular_service Rate limiting: sleeping for 58.98 seconds
INFO 2025-06-18 23:42:31,473 spoonacular_service Making request to Spoonacular: /food/ingredients/5100/information
INFO 2025-06-18 23:42:32,852 spoonacular_service Rate limiting: sleeping for 58.98 seconds
INFO 2025-06-18 23:43:31,839 spoonacular_service Making request to Spoonacular: /food/ingredients/6194/information
INFO 2025-06-18 23:43:33,139 spoonacular_service Rate limiting: sleeping for 58.98 seconds
INFO 2025-06-18 23:44:32,127 spoonacular_service Making request to Spoonacular: /food/ingredients/6172/information
INFO 2025-06-18 23:44:33,686 spoonacular_service Rate limiting: sleeping for 58.98 seconds
INFO 2025-06-18 23:45:32,672 spoonacular_service Making request to Spoonacular: /food/ingredients/5091/information
INFO 2025-06-18 23:45:33,982 spoonacular_service Rate limiting: sleeping for 58.98 seconds
INFO 2025-06-18 23:46:32,970 spoonacular_service Making request to Spoonacular: /food/ingredients/1005006/information
INFO 2025-06-18 23:46:34,172 spoonacular_service Rate limiting: sleeping for 58.98 seconds
INFO 2025-06-18 23:47:33,160 spoonacular_service Making request to Spoonacular: /food/ingredients/6999/information
INFO 2025-06-24 21:48:08,106 spoonacular_service Making request to Spoonacular: /recipes/complexSearch
INFO 2025-06-24 21:59:50,207 spoonacular_service Making request to Spoonacular: /recipes/complexSearch
DEBUG 2025-06-24 21:59:50,902 spoonacular_service Cache hit for endpoint: /recipes/complexSearch
INFO 2025-06-24 22:05:19,201 spoonacular_service Making request to Spoonacular: /recipes/complexSearch
DEBUG 2025-06-24 22:06:57,000 spoonacular_service Cache hit for endpoint: /recipes/complexSearch
INFO 2025-06-24 22:18:52,126 spoonacular_service Making request to Spoonacular: /recipes/complexSearch
DEBUG 2025-06-24 22:18:52,783 spoonacular_service Cache hit for endpoint: /recipes/complexSearch
DEBUG 2025-06-24 22:18:52,797 spoonacular_service Cache hit for endpoint: /recipes/complexSearch
DEBUG 2025-06-24 22:19:15,763 spoonacular_service Cache hit for endpoint: /recipes/complexSearch
DEBUG 2025-06-24 22:19:15,785 spoonacular_service Cache hit for endpoint: /recipes/complexSearch
DEBUG 2025-06-24 22:19:15,800 spoonacular_service Cache hit for endpoint: /recipes/complexSearch
DEBUG 2025-06-24 22:20:38,979 spoonacular_service Cache hit for endpoint: /recipes/complexSearch
DEBUG 2025-06-24 22:20:38,998 spoonacular_service Cache hit for endpoint: /recipes/complexSearch
DEBUG 2025-06-24 22:20:39,014 spoonacular_service Cache hit for endpoint: /recipes/complexSearch
INFO 2025-07-03 21:09:27,661 spoonacular_service Making request to Spoonacular: /recipes/complexSearch
DEBUG 2025-07-03 21:09:28,555 spoonacular_service Cache hit for endpoint: /recipes/complexSearch
DEBUG 2025-07-03 21:09:28,575 spoonacular_service Cache hit for endpoint: /recipes/complexSearch
INFO 2025-07-03 21:32:08,278 spoonacular_service Making request to Spoonacular: /recipes/complexSearch
DEBUG 2025-07-03 21:32:09,158 spoonacular_service Cache hit for endpoint: /recipes/complexSearch
DEBUG 2025-07-03 21:32:09,172 spoonacular_service Cache hit for endpoint: /recipes/complexSearch
INFO 2025-07-03 22:08:00,422 spoonacular_service Making request to Spoonacular: /recipes/complexSearch
INFO 2025-07-03 22:08:01,068 spoonacular_service Rate limiting: sleeping for 59.96 seconds
INFO 2025-07-03 22:09:01,030 spoonacular_service Making request to Spoonacular: /recipes/651994/information
INFO 2025-07-03 22:09:02,388 spoonacular_service Rate limiting: sleeping for 58.84 seconds
INFO 2025-07-03 22:09:58,949 spoonacular_service Making request to Spoonacular: /recipes/complexSearch
INFO 2025-07-03 22:09:59,503 spoonacular_service Rate limiting: sleeping for 5.97 seconds
INFO 2025-07-03 22:10:05,475 spoonacular_service Making request to Spoonacular: /recipes/651994/information
INFO 2025-07-03 22:10:06,807 spoonacular_service Rate limiting: sleeping for 4.95 seconds
INFO 2025-07-03 22:10:11,763 spoonacular_service Making request to Spoonacular: /recipes/654571/information
INFO 2025-07-03 22:10:14,678 spoonacular_service Rate limiting: sleeping for 4.98 seconds
INFO 2025-07-03 22:10:19,658 spoonacular_service Making request to Spoonacular: /recipes/642583/information
INFO 2025-07-03 22:10:20,898 spoonacular_service Rate limiting: sleeping for 4.98 seconds
INFO 2025-07-03 22:10:25,881 spoonacular_service Making request to Spoonacular: /recipes/665553/information
INFO 2025-07-03 22:10:27,131 spoonacular_service Rate limiting: sleeping for 4.98 seconds
INFO 2025-07-03 22:10:32,115 spoonacular_service Making request to Spoonacular: /recipes/665767/information
INFO 2025-07-03 22:10:33,319 spoonacular_service Rate limiting: sleeping for 4.98 seconds
INFO 2025-07-03 22:10:38,296 spoonacular_service Making request to Spoonacular: /recipes/660185/information
INFO 2025-07-03 22:10:39,583 spoonacular_service Rate limiting: sleeping for 4.98 seconds
INFO 2025-07-03 22:10:44,565 spoonacular_service Making request to Spoonacular: /recipes/641836/information
INFO 2025-07-03 22:10:45,865 spoonacular_service Rate limiting: sleeping for 4.99 seconds
INFO 2025-07-03 22:10:50,854 spoonacular_service Making request to Spoonacular: /recipes/652497/information
INFO 2025-07-03 22:10:52,362 spoonacular_service Rate limiting: sleeping for 4.98 seconds
INFO 2025-07-03 22:10:57,343 spoonacular_service Making request to Spoonacular: /recipes/653886/information
INFO 2025-07-03 22:10:58,683 spoonacular_service Rate limiting: sleeping for 4.94 seconds
INFO 2025-07-03 22:11:03,627 spoonacular_service Making request to Spoonacular: /recipes/636177/information
INFO 2025-07-03 22:11:04,934 spoonacular_service Rate limiting: sleeping for 4.98 seconds
INFO 2025-07-03 22:11:09,916 spoonacular_service Making request to Spoonacular: /recipes/638893/information
INFO 2025-07-03 22:11:11,206 spoonacular_service Rate limiting: sleeping for 4.98 seconds
INFO 2025-07-03 22:11:16,193 spoonacular_service Making request to Spoonacular: /recipes/651140/information
INFO 2025-07-03 22:11:17,503 spoonacular_service Rate limiting: sleeping for 4.98 seconds
INFO 2025-07-03 22:11:22,489 spoonacular_service Making request to Spoonacular: /recipes/642264/information
INFO 2025-07-03 22:11:23,854 spoonacular_service Rate limiting: sleeping for 4.95 seconds
INFO 2025-07-03 22:11:28,803 spoonacular_service Making request to Spoonacular: /recipes/157081/information
INFO 2025-07-03 22:11:30,087 spoonacular_service Rate limiting: sleeping for 4.99 seconds
INFO 2025-07-03 22:11:35,075 spoonacular_service Making request to Spoonacular: /recipes/650744/information
INFO 2025-07-03 22:11:36,367 spoonacular_service Rate limiting: sleeping for 4.99 seconds
INFO 2025-07-03 22:11:41,358 spoonacular_service Making request to Spoonacular: /recipes/632853/information
INFO 2025-07-03 22:11:42,655 spoonacular_service Rate limiting: sleeping for 4.99 seconds
INFO 2025-07-03 22:11:47,643 spoonacular_service Making request to Spoonacular: /recipes/644627/information
INFO 2025-07-03 22:11:49,002 spoonacular_service Rate limiting: sleeping for 4.98 seconds
INFO 2025-07-03 22:11:53,986 spoonacular_service Making request to Spoonacular: /recipes/632502/information
INFO 2025-07-03 22:11:55,794 spoonacular_service Rate limiting: sleeping for 4.98 seconds
INFO 2025-07-03 22:12:00,782 spoonacular_service Making request to Spoonacular: /recipes/660108/information
INFO 2025-07-03 22:12:02,103 spoonacular_service Rate limiting: sleeping for 4.98 seconds
INFO 2025-07-03 22:12:07,087 spoonacular_service Making request to Spoonacular: /recipes/666225/information
INFO 2025-07-03 22:12:08,357 spoonacular_service Rate limiting: sleeping for 4.99 seconds
INFO 2025-07-03 22:12:13,349 spoonacular_service Making request to Spoonacular: /recipes/complexSearch
INFO 2025-07-03 22:12:14,019 spoonacular_service Rate limiting: sleeping for 5.97 seconds
INFO 2025-07-03 22:12:19,991 spoonacular_service Making request to Spoonacular: /recipes/715769/information
INFO 2025-07-03 22:12:21,286 spoonacular_service Rate limiting: sleeping for 4.99 seconds
INFO 2025-07-03 22:12:26,272 spoonacular_service Making request to Spoonacular: /recipes/659109/information
INFO 2025-07-03 22:12:27,464 spoonacular_service Rate limiting: sleeping for 4.98 seconds
INFO 2025-07-03 22:12:32,447 spoonacular_service Making request to Spoonacular: /recipes/648279/information
INFO 2025-07-03 22:12:33,731 spoonacular_service Rate limiting: sleeping for 4.99 seconds
INFO 2025-07-03 22:12:38,719 spoonacular_service Making request to Spoonacular: /recipes/1095745/information
INFO 2025-07-03 22:12:39,892 spoonacular_service Rate limiting: sleeping for 4.98 seconds
INFO 2025-07-03 22:12:44,875 spoonacular_service Making request to Spoonacular: /recipes/658753/information
INFO 2025-07-03 22:12:46,094 spoonacular_service Rate limiting: sleeping for 4.98 seconds
INFO 2025-07-03 22:12:51,076 spoonacular_service Making request to Spoonacular: /recipes/641893/information
INFO 2025-07-03 22:12:52,413 spoonacular_service Rate limiting: sleeping for 4.98 seconds
INFO 2025-07-03 22:12:57,394 spoonacular_service Making request to Spoonacular: /recipes/716300/information
INFO 2025-07-03 22:12:59,162 spoonacular_service Rate limiting: sleeping for 4.99 seconds
INFO 2025-07-03 22:13:04,153 spoonacular_service Making request to Spoonacular: /recipes/664737/information
INFO 2025-07-03 22:13:05,384 spoonacular_service Rate limiting: sleeping for 4.98 seconds
INFO 2025-07-03 22:13:10,369 spoonacular_service Making request to Spoonacular: /recipes/664565/information
INFO 2025-07-03 22:13:11,650 spoonacular_service Rate limiting: sleeping for 4.98 seconds
INFO 2025-07-03 22:13:16,632 spoonacular_service Making request to Spoonacular: /recipes/654125/information
INFO 2025-07-03 22:13:17,971 spoonacular_service Rate limiting: sleeping for 4.98 seconds
INFO 2025-07-03 22:13:22,953 spoonacular_service Making request to Spoonacular: /recipes/1095742/information
INFO 2025-07-03 22:13:24,244 spoonacular_service Rate limiting: sleeping for 4.99 seconds
INFO 2025-07-03 22:13:29,237 spoonacular_service Making request to Spoonacular: /recipes/648247/information
INFO 2025-07-03 22:13:30,589 spoonacular_service Rate limiting: sleeping for 4.98 seconds
